Arguments: 
  /Users/marcellobardus/.nvm/versions/node/v15.13.0/bin/node /Users/marcellobardus/.nvm/versions/node/v15.13.0/bin/yarn

PATH: 
  /Users/marcellobardus/miniforge3/bin:/Users/marcellobardus/miniforge3/condabin:/Users/marcellobardus/google-cloud-sdk/bin:/Users/marcellobardus/.nvm/versions/node/v15.13.0/bin:/opt/homebrew/bin:/usr/local/bin:/usr/bin:/bin:/usr/sbin:/sbin:/usr/local/go/bin:/Library/Frameworks/Mono.framework/Versions/Current/Commands:/Users/marcellobardus/.cargo/bin:/Users/marcellobardus/.local/bin:/Users/marcellobardus/go/bin:/opt/homebrew/opt/go/libexec/bin:/Users/marcellobardus/.foundry/bin:/usr/local/opt/python@3.7

Yarn version: 
  1.22.10

Node version: 
  15.13.0

Platform: 
  darwin arm64

Trace: 
  Error: getaddrinfo ENOTFOUND registry.yarnpkg.com
      at GetAddrInfoReqWrap.onlookup [as oncomplete] (node:dns:69:26)

npm manifest: 
  {
    "name": "create-wasm-app",
    "version": "0.1.0",
    "description": "create an app to consume rust-generated wasm packages",
    "main": "index.js",
    "bin": {
      "create-wasm-app": ".bin/create-wasm-app.js"
    },
    "scripts": {
      "build": "webpack --config webpack.config.js",
      "start": "webpack-dev-server",
      "bench": "npm run bench-hash && npm run bench-signature",
      "bench-hash": "node bench/hash.bench.js",
      "bench-signature": "node bench/signature.bench.js",
      "bench-hash-hyperfine": "hyperfine --warmup 20 --export-json hyperfine/hash/report 'node ./hyperfine/hash/wasm.js' 'node ./hyperfine/hash/native.js' 'node ./hyperfine/hash/cpp.js'",
      "bench-signature-hyperfine": "hyperfine --warmup 20 --export-json hyperfine/signature/report 'node ./hyperfine/signature/wasm.js' 'node ./hyperfine/signature/native.js'"
    },
    "repository": {
      "type": "git",
      "url": "git+https://github.com/rustwasm/create-wasm-app.git"
    },
    "keywords": [
      "webassembly",
      "wasm",
      "rust",
      "webpack"
    ],
    "dependencies": {
      "bigint-buffer": "^1.1.5",
      "bn.js": "^5.2.1",
      "ffi-napi": "^4.0.3",
      "starknet-signature": "file:../prover/pkg",
      "typedarray-to-buffer": "^4.0.0",
      "bn": "^1.0.5"
    },
    "devDependencies": {
      "benchmark": "^2.1.4",
      "chai": "^4.3.6",
      "copy-webpack-plugin": "^5.0.0",
      "hello-wasm-pack": "^0.1.0",
      "starknet": "^3.15.0",
      "webpack": "^4.29.3",
      "webpack-cli": "^3.1.0",
      "webpack-dev-server": "^3.1.5"
    }
  }

yarn manifest: 
  No manifest

Lockfile: 
  No lockfile
